TN:
SF:app/assets/javascripts/components/Home/Home.jsx
FN:19,Home
FN:24,(anonymous_1)
FN:25,fetchData
FN:59,(anonymous_3)
FN:78,(anonymous_4)
FNF:5
FNH:0
FNDA:0,Home
FNDA:0,(anonymous_1)
FNDA:0,fetchData
FNDA:0,(anonymous_3)
FNDA:0,(anonymous_4)
DA:10,1
DA:12,1
DA:20,0
DA:21,0
DA:22,0
DA:24,0
DA:26,0
DA:27,0
DA:28,0
DA:30,0
DA:32,0
DA:34,0
DA:46,0
DA:60,0
DA:79,0
DA:90,0
DA:91,0
DA:92,0
DA:94,0
DA:97,0
DA:100,0
DA:116,1
LF:22
LH:3
BRDA:102,0,0,0
BRDA:102,0,1,0
BRF:2
BRH:0
end_of_record
TN:
SF:app/assets/javascripts/components/Home/helper.jsx
FN:1,sortEntries
FN:3,(anonymous_1)
FN:6,getLabels
FN:10,getDeals
FN:11,(anonymous_4)
FN:15,(anonymous_5)
FNF:6
FNH:0
FNDA:0,sortEntries
FNDA:0,(anonymous_1)
FNDA:0,getLabels
FNDA:0,getDeals
FNDA:0,(anonymous_4)
FNDA:0,(anonymous_5)
DA:2,0
DA:3,0
DA:7,0
DA:11,0
DA:12,0
DA:14,0
DA:15,0
DA:17,0
DA:20,0
LF:9
LH:0
BRF:0
BRH:0
end_of_record
